<?xml version="1.0" encoding="UTF-8"?>
<coverage generated="1465965264">
  <project timestamp="1465965264">
    <package name="ZF\Doctrine\DataFixture">
      <file name="/Users/tom.h.anderson/Projects/NoteVault/NoteVaultApi/vendor/api-skeletons/zf-doctrine-data-fixture/Module.php">
        <class name="Module" namespace="ZF\Doctrine\DataFixture">
          <metrics complexity="3" methods="3" coveredmethods="2" conditionals="0" coveredconditionals="0" statements="3" coveredstatements="2" elements="6" coveredelements="4"/>
        </class>
        <line num="40" type="method" name="getConsoleUsage" visibility="public" complexity="1" crap="2" count="0"/>
        <line num="44" type="stmt" count="0"/>
        <line num="51" type="method" name="getConfig" visibility="public" complexity="1" crap="1" count="1"/>
        <line num="53" type="stmt" count="1"/>
        <line num="59" type="method" name="getAutoloaderConfig" visibility="public" complexity="1" crap="1" count="1"/>
        <line num="66" type="stmt" count="1"/>
        <metrics loc="69" ncloc="38" classes="1" methods="3" coveredmethods="2" conditionals="0" coveredconditionals="0" statements="3" coveredstatements="2" elements="6" coveredelements="4"/>
      </file>
      <file name="/Users/tom.h.anderson/Projects/NoteVault/NoteVaultApi/vendor/api-skeletons/zf-doctrine-data-fixture/src/DataFixtureManager.php">
        <class name="DataFixtureManager" namespace="ZF\Doctrine\DataFixture">
          <metrics complexity="4" methods="3" coveredmethods="2" conditionals="0" coveredconditionals="0" statements="7" coveredstatements="6" elements="10" coveredelements="8"/>
        </class>
        <line num="17" type="method" name="getAll" visibility="public" complexity="2" crap="2" count="1"/>
        <line num="19" type="stmt" count="1"/>
        <line num="21" type="stmt" count="1"/>
        <line num="22" type="stmt" count="1"/>
        <line num="25" type="stmt" count="1"/>
        <line num="28" type="method" name="getServiceLocator" visibility="public" complexity="1" crap="2" count="0"/>
        <line num="30" type="stmt" count="0"/>
        <line num="33" type="method" name="setServiceLocator" visibility="public" complexity="1" crap="1" count="1"/>
        <line num="35" type="stmt" count="1"/>
        <line num="37" type="stmt" count="1"/>
        <metrics loc="38" ncloc="38" classes="1" methods="3" coveredmethods="2" conditionals="0" coveredconditionals="0" statements="7" coveredstatements="6" elements="10" coveredelements="8"/>
      </file>
      <file name="/Users/tom.h.anderson/Projects/NoteVault/NoteVaultApi/vendor/api-skeletons/zf-doctrine-data-fixture/src/DataFixtureManagerFactory.php">
        <class name="DataFixtureManagerFactory" namespace="ZF\Doctrine\DataFixture">
          <metrics complexity="2" methods="1" coveredmethods="0" conditionals="0" coveredconditionals="0" statements="12" coveredstatements="11" elements="13" coveredelements="11"/>
        </class>
        <line num="12" type="method" name="createService" visibility="public" complexity="2" crap="2.00" count="1"/>
        <line num="14" type="stmt" count="1"/>
        <line num="15" type="stmt" count="1"/>
        <line num="17" type="stmt" count="1"/>
        <line num="18" type="stmt" count="1"/>
        <line num="20" type="stmt" count="1"/>
        <line num="21" type="stmt" count="0"/>
        <line num="24" type="stmt" count="1"/>
        <line num="26" type="stmt" count="1"/>
        <line num="28" type="stmt" count="1"/>
        <line num="29" type="stmt" count="1"/>
        <line num="30" type="stmt" count="1"/>
        <line num="34" type="stmt" count="1"/>
        <metrics loc="35" ncloc="35" classes="1" methods="1" coveredmethods="0" conditionals="0" coveredconditionals="0" statements="12" coveredstatements="11" elements="13" coveredelements="11"/>
      </file>
    </package>
    <package name="ZF\Doctrine\DataFixture\Controller">
      <file name="/Users/tom.h.anderson/Projects/NoteVault/NoteVaultApi/vendor/api-skeletons/zf-doctrine-data-fixture/src/Controller/ImportController.php">
        <class name="ImportController" namespace="ZF\Doctrine\DataFixture\Controller">
          <metrics complexity="5" methods="2" coveredmethods="1" conditionals="0" coveredconditionals="0" statements="15" coveredstatements="13" elements="17" coveredelements="14"/>
        </class>
        <line num="33" type="method" name="__construct" visibility="public" complexity="1" crap="1" count="1"/>
        <line num="35" type="stmt" count="1"/>
        <line num="36" type="stmt" count="1"/>
        <line num="38" type="method" name="importAction" visibility="public" complexity="4" crap="4.06" count="1"/>
        <line num="40" type="stmt" count="1"/>
        <line num="41" type="stmt" count="0"/>
        <line num="44" type="stmt" count="1"/>
        <line num="45" type="stmt" count="1"/>
        <line num="47" type="stmt" count="1"/>
        <line num="48" type="stmt" count="1"/>
        <line num="51" type="stmt" count="1"/>
        <line num="52" type="stmt" count="0"/>
        <line num="55" type="stmt" count="1"/>
        <line num="56" type="stmt" count="1"/>
        <line num="57" type="stmt" count="1"/>
        <line num="58" type="stmt" count="1"/>
        <line num="60" type="stmt" count="1"/>
        <metrics loc="61" ncloc="44" classes="1" methods="2" coveredmethods="1" conditionals="0" coveredconditionals="0" statements="15" coveredstatements="13" elements="17" coveredelements="14"/>
      </file>
      <file name="/Users/tom.h.anderson/Projects/NoteVault/NoteVaultApi/vendor/api-skeletons/zf-doctrine-data-fixture/src/Controller/ImportControllerFactory.php">
        <class name="ImportControllerFactory" namespace="ZF\Doctrine\DataFixture\Controller">
          <metrics complexity="1" methods="1" coveredmethods="1" conditionals="0" coveredconditionals="0" statements="4" coveredstatements="4" elements="5" coveredelements="5"/>
        </class>
        <line num="11" type="method" name="createService" visibility="public" complexity="1" crap="1" count="1"/>
        <line num="13" type="stmt" count="1"/>
        <line num="15" type="stmt" count="1"/>
        <line num="16" type="stmt" count="1"/>
        <line num="18" type="stmt" count="1"/>
        <metrics loc="19" ncloc="19" classes="1" methods="1" coveredmethods="1" conditionals="0" coveredconditionals="0" statements="4" coveredstatements="4" elements="5" coveredelements="5"/>
      </file>
    </package>
    <metrics files="5" loc="222" ncloc="174" classes="5" methods="10" coveredmethods="6" conditionals="0" coveredconditionals="0" statements="41" coveredstatements="36" elements="51" coveredelements="42"/>
  </project>
</coverage>
